Arguments: 
  /usr/bin/node /usr/share/node_modules/yarn/bin/yarn.js add --dev webpack-dev-server

PATH: 
  /usr/local/bundle/bin:/app/bin:/usr/local/sbin:/usr/local/bin:/usr/sbin:/usr/bin:/sbin:/bin

Yarn version: 
  1.22.4

Node version: 
  12.18.4

Platform: 
  linux x64

Trace: 
  Error: EPROTO: protocol error, symlink '../../../multicast-dns/cli.js' -> '/app/node_modules/bonjour/node_modules/.bin/multicast-dns'

npm manifest: 
  {
    "name": "app",
    "private": true,
    "dependencies": {
      "@rails/ujs": "^6.0.0",
      "@rails/activestorage": "^6.0.0",
      "@rails/actioncable": "^6.0.0"
    },
    "version": "0.1.0"
  }

yarn manifest: 
  No manifest

Lockfile: 
  No lockfile
